<?xml version="1.0" encoding="UTF-8"?>
<!-- Generated by org.testng.reporters.JUnitReportReporter -->
<testsuite hostname="Sumit-PC" name="sumPackage.Google" tests="1" failures="0" timestamp="9 May 2016 17:47:58 GMT" time="10.844" errors="0">
  <testcase name="search" time="10.844" classname="sumPackage.Google"/>
</testsuite> <!-- sumPackage.Google -->
