<?xml version="1.0" encoding="UTF-8"?>
<!-- Generated by org.testng.reporters.JUnitReportReporter -->
<testsuite hostname="Sumit-PC" name="package2016.VerifyTitle" tests="1" failures="0" timestamp="20 Mar 2016 14:26:25 GMT" time="2.696" errors="0">
  <testcase name="title" time="2.696" classname="package2016.VerifyTitle"/>
</testsuite> <!-- package2016.VerifyTitle -->
