<?xml version="1.0" encoding="UTF-8"?>
<!-- Generated by org.testng.reporters.JUnitReportReporter -->
<testsuite hostname="Sumit-PC" name="package2016.Ksrtc_Popup" tests="1" failures="0" timestamp="17 Jul 2016 10:20:40 GMT" time="8.733" errors="0">
  <testcase name="popup" time="8.733" classname="package2016.Ksrtc_Popup"/>
</testsuite> <!-- package2016.Ksrtc_Popup -->
