<?xml version="1.0" encoding="UTF-8"?>
<!-- Generated by org.testng.reporters.JUnitReportReporter -->
<testsuite hostname="Sumit-PC" name="readVariableDiffClass.ReadFromPropConfig" tests="2" failures="0" timestamp="9 Aug 2016 17:29:17 GMT" time="0.011" errors="0">
  <testcase name="test2" time="0.001" classname="readVariableDiffClass.ReadFromPropConfig"/>
  <testcase name="test" time="0.010" classname="readVariableDiffClass.ReadFromPropConfig"/>
</testsuite> <!-- readVariableDiffClass.ReadFromPropConfig -->
