<?xml version="1.0" encoding="UTF-8"?>
<!-- Generated by org.testng.reporters.JUnitReportReporter -->
<testsuite hostname="Sumit-PC" name="sumPackage.ParallelTesting" tests="3" failures="0" timestamp="9 May 2016 17:17:11 GMT" time="3.237" errors="0">
  <testcase name="method3" time="1.079" classname="sumPackage.ParallelTesting"/>
  <testcase name="method2" time="1.079" classname="sumPackage.ParallelTesting"/>
  <testcase name="method1" time="1.079" classname="sumPackage.ParallelTesting"/>
</testsuite> <!-- sumPackage.ParallelTesting -->
