<?xml version="1.0" encoding="UTF-8"?>
<!-- Generated by org.testng.reporters.JUnitReportReporter -->
<testsuite hostname="Sumit-PC" name="pom_TestCase.VerifyValidLogin" tests="1" failures="0" timestamp="8 Mar 2016 17:52:45 GMT" time="12.987" errors="0">
  <testcase name="checkValidUser" time="12.987" classname="pom_TestCase.VerifyValidLogin"/>
</testsuite> <!-- pom_TestCase.VerifyValidLogin -->
